2024-04-18 23:41:46:4146 http: GET / 404 139 - 2.089 ms

2024-04-18 23:41:52:4152 http: GET /events 200 682 - 228.730 ms

2024-04-18 23:41:55:4155 http: GET /events 304 - - 31.508 ms

2024-04-18 23:42:52:4252 http: GET /events 304 - - 229.297 ms

2024-04-18 23:42:54:4254 http: GET /events 304 - - 23.538 ms

2024-04-18 23:42:56:4256 http: GET /events 304 - - 32.585 ms

2024-04-18 23:42:57:4257 http: GET /events 304 - - 30.087 ms

2024-04-18 23:42:58:4258 http: GET /events 304 - - 23.722 ms

2024-04-18 23:42:59:4259 http: GET /events 304 - - 29.928 ms

[35m2024-04-18 23:56:14:5614 http: GET / 404 139 - 1.866 ms[39m
[35m[39m
[35m2024-04-18 23:56:17:5617 http: GET /events 200 682 - 221.140 ms[39m
[35m[39m
[35m2024-04-18 23:56:32:5632 http: GET /events 200 682 - 212.390 ms[39m
[35m[39m
[35m2024-04-19 00:00:11:011 http: GET /events 200 682 - 211.022 ms[39m
[35m[39m
[35m2024-04-19 00:04:55:455 http: GET /events 304 - - 230.259 ms[39m
[35m[39m
[35m2024-04-19 00:06:20:620 http: GET /events 200 682 - 201.589 ms[39m
[35m[39m
[35m2024-04-19 00:07:19:719 http: POST /events 201 235 - 243.681 ms[39m
[35m[39m
[35m2024-04-19 00:07:32:732 http: GET /events 200 918 - 233.724 ms[39m
[35m[39m
[35m2024-04-19 00:07:41:741 http: DELETE /events/9 200 224 - 72.745 ms[39m
[35m[39m
[35m2024-04-19 00:08:07:87 http: PUT /events/10 200 244 - 234.071 ms[39m
[35m[39m
